<?xml version="1.0" encoding="UTF-8"?>
<!-- Generated by org.testng.reporters.JUnitReportReporter -->
<testsuite hostname="IT0PF32487TR" failures="0" tests="1" name="api.PostDuplicateBrands" time="0.802" errors="0" timestamp="2024-10-22T11:40:50 EET" skipped="0">
  <testcase classname="api.PostDuplicateBrands" name="checkNoDuplicateDataCreation" time="0.802"/>
  <system-out/>
</testsuite> <!-- api.PostDuplicateBrands -->
