<?xml version="1.0" encoding="UTF-8"?>
<!-- Generated by org.testng.reporters.JUnitReportReporter -->
<testsuite hostname="IT0PF32487TR" failures="0" tests="2" name="api.UpdatOrDeletNoExistBrand" time="1.234" errors="0" timestamp="2024-10-22T11:40:50 EET" skipped="0">
  <testcase classname="api.UpdatOrDeletNoExistBrand" name="updateBrandNotExistsID" time="0.607"/>
  <system-out/>
  <testcase classname="api.UpdatOrDeletNoExistBrand" name="deleteBrandNotExistsID" time="0.627"/>
  <system-out/>
</testsuite> <!-- api.UpdatOrDeletNoExistBrand -->
