<?xml version="1.0" encoding="UTF-8"?>
<!-- Generated by org.testng.reporters.JUnitReportReporter -->
<testsuite hostname="IT0PF32487TR" failures="0" tests="1" name="api.GetBrandNotExists" time="0.664" errors="0" timestamp="2024-10-22T11:40:50 EET" skipped="0">
  <testcase classname="api.GetBrandNotExists" name="getBrandNotExists" time="0.664"/>
  <system-out/>
</testsuite> <!-- api.GetBrandNotExists -->
