<?xml version="1.0" encoding="UTF-8"?>
<!-- Generated by org.testng.reporters.JUnitReportReporter -->
<testsuite hostname="IT0PF32487TR" failures="0" tests="2" name="api.GetBrandById" time="1.372" errors="0" timestamp="2024-10-22T11:29:57 EET" skipped="0">
  <testcase classname="api.GetBrandById" name="checkBrandNameForSpecificID" time="0.661"/>
  <system-out/>
  <testcase classname="api.GetBrandById" name="checkStatusCodeForReqID" time="0.711"/>
  <system-out/>
</testsuite> <!-- api.GetBrandById -->
