<?xml version="1.0" encoding="UTF-8"?>
<!-- Generated by org.testng.reporters.JUnitReportReporter -->
<testsuite hostname="IT0PF32487TR" failures="0" tests="3" name="api.ListOfBrands" time="8.503" errors="0" timestamp="2024-10-22T11:29:57 EET" skipped="0">
  <testcase classname="api.ListOfBrands" name="check_That_each_Brand_Object_contains_id_and_name" time="4.814"/>
  <system-out/>
  <testcase classname="api.ListOfBrands" name="validate_StatusCode" time="1.320"/>
  <system-out/>
  <testcase classname="api.ListOfBrands" name="check_that_listofbrands_has_more_than_one_entry" time="2.369"/>
  <system-out/>
</testsuite> <!-- api.ListOfBrands -->
